<?xml version="1.0" encoding="UTF-8"?>
<!-- Generated by org.testng.reporters.JUnitXMLReporter -->
<testsuite ignored="0" hostname="DESKTOP-A7SNONS" failures="1" tests="1" name="Test Stan Store" time="17.481" errors="0" timestamp="2025-06-23T16:12:00 IST">
  <testcase classname="testCases.TC001_LoginValidation" name="validateLogin" time="14.051">
    <failure type="java.lang.AssertionError" message="null">
      <![CDATA[java.lang.AssertionError: null
at testCases.TC001_LoginValidation.validateLogin(TC001_LoginValidation.java:30)
at java.base/java.util.ArrayList.forEach(ArrayList.java:1596)
... Removed 27 stack frames]]>
    </failure>
  </testcase> <!-- validateLogin -->
</testsuite> <!-- Test Stan Store -->
